<?xml version="1.0" encoding="UTF-8"?>
<testsuite xmlns:xsi="http://www.w3.org/2001/XMLSchema-instance" xsi:noNamespaceSchemaLocation="https://maven.apache.org/surefire/maven-surefire-plugin/xsd/surefire-test-report.xsd" version="3.0.2" name="com.example.todo.ToDoApplicationTests" time="17.088" tests="1" errors="0" skipped="0" failures="0">
  <properties>
[...]
</properties>
  <testcase name="contextLoads" classname="com.example.todo.ToDoApplicationTests" time="5.137">
    <system-out><![CDATA[18:52:23.556 [main] INFO org.springframework.test.context.support.AnnotationConfigContextLoaderUtils -- Could not detect default configuration classes for test class [com.example.todo.ToDoApplicationTests]: ToDoApplicationTests does not declare any static, non-private, non-final, nested classes annotated with @Configuration.
18:52:24.236 [main] INFO org.springframework.boot.test.context.SpringBootTestContextBootstrapper -- Found @SpringBootConfiguration com.example.todo.ToDoApplication for test class com.example.todo.ToDoApplicationTests

  .   ____          _            __ _ _
 /\\ / ___'_ __ _ _(_)_ __  __ _ \ \ \ \
( ( )\___ | '_ | '_| | '_ \/ _` | \ \ \ \
 \\/  ___)| |_)| | | | | || (_| |  ) ) ) )
  '  |____| .__|_| |_|_| |_\__, | / / / /
 =========|_|==============|___/=/_/_/_/

 :: Spring Boot ::                (v3.4.1)

2024-12-27T18:52:26.760+05:30  INFO 15688 --- [ToDo-Application] [           main] com.example.todo.ToDoApplicationTests    : Starting ToDoApplicationTests using Java 17.0.11 with PID 15688 (started by NernikaBoyaRaju in C:\Users\NernikaBoyaRaju\Downloads\ToDo Application\ToDo-Application)
2024-12-27T18:52:26.764+05:30  INFO 15688 --- [ToDo-Application] [           main] com.example.todo.ToDoApplicationTests    : No active profile set, falling back to 1 default profile: "default"
2024-12-27T18:52:32.871+05:30  INFO 15688 --- [ToDo-Application] [           main] o.s.b.a.w.s.WelcomePageHandlerMapping    : Adding welcome page template: index
2024-12-27T18:52:34.699+05:30  INFO 15688 --- [ToDo-Application] [           main] com.example.todo.ToDoApplicationTests    : Started ToDoApplicationTests in 9.102 seconds (process running for 14.992)
]]></system-out>
  </testcase>
</testsuite>